<?xml version="1.0" encoding="UTF-8"?>
<!-- Generated by org.testng.reporters.JUnitReportReporter -->
<testsuite hostname="5CD127F76Z" failures="0" tests="1" name="com.testcases.BaseClass" time="0.017" errors="0" timestamp="2022-10-27T17:55:13 IST" skipped="0">
  <testcase classname="com.testcases.BaseClass" name="test" time="0.017"/>
  <system-out/>
</testsuite> <!-- com.testcases.BaseClass -->
