<?xml version="1.0" encoding="UTF-8"?>
<!-- Generated by org.testng.reporters.JUnitReportReporter -->
<testsuite hostname="5CD127F76Z" failures="0" tests="1" name="com.testcases.TC_3_PageForm" time="14.818" errors="0" timestamp="2022-12-28T16:38:50 IST" skipped="0">
  <testcase classname="com.testcases.TC_3_PageForm" name="pageForm" time="14.818"/>
  <system-out/>
</testsuite> <!-- com.testcases.TC_3_PageForm -->
