<?xml version="1.0" encoding="UTF-8"?>
<!-- Generated by org.testng.reporters.JUnitReportReporter -->
<testsuite hostname="5CD127F76Z" failures="0" tests="1" name="com.testcases.TC_2_WebTable" time="14.313" errors="0" timestamp="2022-12-14T13:37:18 IST" skipped="0">
  <testcase classname="com.testcases.TC_2_WebTable" name="webTable" time="14.313"/>
  <system-out/>
</testsuite> <!-- com.testcases.TC_2_WebTable -->
